<?xml version="1.0" encoding="utf-8"?>
<BuildOmitCheck xmlns:xsi="http://www.w3.org/2001/XMLSchema-instance" xmlns:xsd="http://www.w3.org/2001/XMLSchema">
  <javacPath>C:\Program Files\VstoneMagic\jdk\bin\javac.exe</javacPath>
  <argument> -d "C:\Users\STC-intern-1\sota_VM\client\sotaimple\SotaWebsocketTalker\bin"  -g  -cp ".;C:\Users\STC-intern-1\VstoneMagicData\jar\core-2.2.jar;C:\Users\STC-intern-1\VstoneMagicData\jar\gson-2.6.1.jar;C:\Users\STC-intern-1\VstoneMagicData\jar\javase-2.2.jar;C:\Users\STC-intern-1\VstoneMagicData\jar\jna-4.1.0.jar;C:\Users\STC-intern-1\VstoneMagicData\jar\opencv-310.jar;C:\Users\STC-intern-1\VstoneMagicData\jar\sotalib.jar;C:\Users\STC-intern-1\VstoneMagicData\jar\SRClientHelper.jar;C:\Users\STC-intern-1\SotaMessengerSample\lib\tyrus-standalone-client-1.13.jar"  -encoding UTF-8 </argument>
  <files>
    <FileData>
      <path>jp\co\mysota\mymain.java</path>
      <timestamp>2016-08-31T17:51:22.6112743+09:00</timestamp>
      <size>1281</size>
      <ignore>true</ignore>
    </FileData>
    <FileData>
      <path>jp\co\mysota\TalkChecker.java</path>
      <timestamp>2016-09-02T11:21:01.8380002+09:00</timestamp>
      <size>7008</size>
      <ignore>true</ignore>
    </FileData>
    <FileData>
      <path>jp\co\mysota\WebsocketMessenger.java</path>
      <timestamp>2016-08-30T14:59:57.2334883+09:00</timestamp>
      <size>4715</size>
      <ignore>true</ignore>
    </FileData>
  </files>
</BuildOmitCheck>